Clean Build Debug APK
2m 32s



Show command
Running clean build for debug APK...
Downloading https://services.gradle.org/distributions/gradle-8.9-bin.zip
............10%.............20%.............30%.............40%.............50%.............60%.............70%.............80%.............90%.............100%

Welcome to Gradle 8.9!

Here are the highlights of this release:
 - Enhanced Error and Warning Messages
 - IDE Integration Improvements
 - Daemon JVM Information

For more details see https://docs.gradle.org/8.9/release-notes.html

Starting a Gradle Daemon (subsequent builds will be faster)
Configuration on demand is an incubating feature.
Calculating task graph as no cached configuration is available for tasks: clean assembleDebug
WARNING: We recommend using a newer Android Gradle plugin to use compileSdk = 36

This Android Gradle plugin (8.7.3) was tested up to compileSdk = 35.

You are strongly encouraged to update your project to use a newer
Android Gradle plugin that has been tested with compileSdk = 36.

If you are already using the latest version of the Android Gradle plugin,
you may need to wait until a newer version with support for compileSdk = 36 is available.

For more information refer to the compatibility table:
https://d.android.com/r/tools/api-level-support

To suppress this warning, add/update
    android.suppressUnsupportedCompileSdk=36
to this project's gradle.properties.
Checking the license for package Android SDK Build-Tools 34 in /usr/local/share/android-sdk/licenses
License for package Android SDK Build-Tools 34 accepted.
Preparing "Install Android SDK Build-Tools 34 v.34.0.0".
"Install Android SDK Build-Tools 34 v.34.0.0" ready.
Installing Android SDK Build-Tools 34 in /usr/local/share/android-sdk/build-tools/34.0.0
"Install Android SDK Build-Tools 34 v.34.0.0" complete.
"Install Android SDK Build-Tools 34 v.34.0.0" finished.
Checking the license for package Android SDK Platform 36 in /usr/local/share/android-sdk/licenses
License for package Android SDK Platform 36 accepted.
Preparing "Install Android SDK Platform 36 (revision 2)".
"Install Android SDK Platform 36 (revision 2)" ready.
Installing Android SDK Platform 36 in /usr/local/share/android-sdk/platforms/android-36
"Install Android SDK Platform 36 (revision 2)" complete.
"Install Android SDK Platform 36 (revision 2)" finished.
> Task :app:preBuild UP-TO-DATE
> Task :app:preDebugBuild UP-TO-DATE
> Task :app:checkKotlinGradlePluginConfigurationErrors
> Task :app:clean UP-TO-DATE
> Task :app:mergeDebugNativeDebugMetadata NO-SOURCE
> Task :app:processDebugGoogleServices
> Task :app:injectCrashlyticsMappingFileIdDebug
> Task :app:generateDebugResValues
> Task :app:writeDebugAppMetadata
> Task :app:desugarDebugFileDependencies
> Task :app:createDebugCompatibleScreenManifests
> Task :app:extractDeepLinksDebug
> Task :app:generateDebugResources
> Task :app:writeDebugSigningConfigVersions
> Task :app:packageDebugResources
> Task :app:mergeDebugShaders
> Task :app:compileDebugShaders NO-SOURCE
> Task :app:generateDebugAssets UP-TO-DATE
> Task :app:validateSigningDebug
> Task :app:javaPreCompileDebug
> Task :app:mergeDebugJniLibFolders
> Task :app:parseDebugLocalResources
> Task :app:checkDebugDuplicateClasses
> Task :app:mapDebugSourceSetPaths
> Task :app:checkDebugAarMetadata
> Task :app:mergeDebugNativeLibs
> Task :app:mergeDebugAssets
> Task :app:compressDebugAssets
> Task :app:processDebugMainManifest
> Task :app:processDebugManifest
> Task :app:processDebugManifestForPackage
> Task :app:mergeLibDexDebug

> Task :app:stripDebugDebugSymbols
Unable to strip the following libraries, packaging them as they are: libimage_processing_util_jni.so, libsqlcipher.so.

> Task :app:mergeDebugResources

> Task :app:processDebugResources
WARNING: We recommend using a newer Android Gradle plugin to use compileSdk = 36

This Android Gradle plugin (8.7.3) was tested up to compileSdk = 35.

You are strongly encouraged to update your project to use a newer
Android Gradle plugin that has been tested with compileSdk = 36.

If you are already using the latest version of the Android Gradle plugin,
you may need to wait until a newer version with support for compileSdk = 36 is available.

For more information refer to the compatibility table:
https://d.android.com/r/tools/api-level-support

To suppress this warning, add/update
    android.suppressUnsupportedCompileSdk=36
to this project's gradle.properties.

> Task :app:mergeExtDexDebug
> Task :app:kspDebugKotlin

> Task :app:compileDebugKotlin
e: file:///Users/builder/clone/app/src/main/java/com/cover/app/core/animation/AnimationSpecs.kt:14:8 Redeclaration: AnimationSpecs
e: file:///Users/builder/clone/app/src/main/java/com/cover/app/core/animation/AppAnimations.kt:21:8 Redeclaration: AnimationSpecs
e: file:///Users/builder/clone/app/src/main/java/com/cover/app/core/animation/AppAnimations.kt:52:49 Unresolved reference: CALCULATOR_TO_VAULT_DURATION_MS
e: file:///Users/builder/clone/app/src/main/java/com/cover/app/core/animation/AppAnimations.kt:53:41 Unresolved reference: EASE_OUT_QUART
e: file:///Users/builder/clone/app/src/main/java/com/cover/app/core/animation/AppAnimations.kt:57:49 Unresolved reference: CALCULATOR_TO_VAULT_DURATION_MS
e: file:///Users/builder/clone/app/src/main/java/com/cover/app/core/animation/AppAnimations.kt:58:46 Unresolved reference: CALCULATOR_TO_VAULT_DURATION_MS
e: file:///Users/builder/clone/app/src/main/java/com/cover/app/core/animation/AppAnimations.kt:64:49 Unresolved reference: CALCULATOR_TO_VAULT_DURATION_MS
e: file:///Users/builder/clone/app/src/main/java/com/cover/app/core/animation/AppAnimations.kt:65:41 Unresolved reference: EASE_IN_OUT_CUBIC
e: file:///Users/builder/clone/app/src/main/java/com/cover/app/core/animation/AppAnimations.kt:69:49 Unresolved reference: CALCULATOR_TO_VAULT_DURATION_MS
e: file:///Users/builder/clone/app/src/main/java/com/cover/app/core/animation/AppAnimations.kt:92:44 Unresolved reference: SPRING_STIFFNESS
e: file:///Users/builder/clone/app/src/main/java/com/cover/app/core/animation/AppAnimations.kt:93:47 Unresolved reference: SPRING_DAMPING
e: file:///Users/builder/clone/app/src/main/java/com/cover/app/core/animation/AppAnimations.kt:96:67 Unresolved reference: ITEM_FADE_DURATION_MS
e: file:///Users/builder/clone/app/src/main/java/com/cover/app/core/animation/AppAnimations.kt:100:67 Unresolved reference: ITEM_FADE_DURATION_MS
e: file:///Users/builder/clone/app/src/main/java/com/cover/app/core/animation/AppAnimations.kt:102:67 Unresolved reference: ITEM_FADE_DURATION_MS
e: file:///Users/builder/clone/app/src/main/java/com/cover/app/core/animation/AppAnimations.kt:125:49 Unresolved reference: PREMIUM_UNLOCK_DURATION_MS
e: file:///Users/builder/clone/app/src/main/java/com/cover/app/core/animation/AppAnimations.kt:127:41 Unresolved reference: PREMIUM_UNLOCK_DURATION_MS
e: file:///Users/builder/clone/app/src/main/java/com/cover/app/core/animation/AppAnimations.kt:128:40 Unresolved reference: PREMIUM_UNLOCK_DURATION_MS
e: file:///Users/builder/clone/app/src/main/java/com/cover/app/core/animation/AppAnimations.kt:132:49 Unresolved reference: PREMIUM_UNLOCK_DURATION_MS
e: file:///Users/builder/clone/app/src/main/java/com/cover/app/core/animation/AppAnimations.kt:137:67 Unresolved reference: DIALOG_EXIT_DURATION_MS
e: file:///Users/builder/clone/app/src/main/java/com/cover/app/core/animation/AppAnimations.kt:139:67 Unresolved reference: DIALOG_EXIT_DURATION_MS
e: file:///Users/builder/clone/app/src/main/java/com/cover/app/core/animation/AppAnimations.kt:158:45 Unresolved reference: BUTTON_PRESS_DURATION_MS
e: file:///Users/builder/clone/app/src/main/java/com/cover/app/core/animation/AppAnimations.kt:159:37 Unresolved reference: EASE_OUT_QUART
e: file:///Users/builder/clone/app/src/main/java/com/cover/app/core/animation/AppAnimations.kt:166:63 Unresolved reference: BUTTON_PRESS_DURATION_MS
e: file:///Users/builder/clone/app/src/main/java/com/cover/app/core/animation/AppAnimations.kt:197:49 Unresolved reference: ITEM_FADE_DURATION_MS
e: file:///Users/builder/clone/app/src/main/java/com/cover/app/core/animation/AppAnimations.kt:199:41 Unresolved reference: EASE_OUT_QUART
e: file:///Users/builder/clone/app/src/main/java/com/cover/app/core/animation/AppAnimations.kt:203:49 Unresolved reference: ITEM_FADE_DURATION_MS
e: file:///Users/builder/clone/app/src/main/java/com/cover/app/core/animation/AppAnimations.kt:225:67 Unresolved reference: DIALOG_ENTER_DURATION_MS
e: file:///Users/builder/clone/app/src/main/java/com/cover/app/core/animation/AppAnimations.kt:234:67 Unresolved reference: DIALOG_EXIT_DURATION_MS
e: file:///Users/builder/clone/app/src/main/java/com/cover/app/core/animation/AppAnimations.kt:237:67 Unresolved reference: DIALOG_EXIT_DURATION_MS
e: file:///Users/builder/clone/app/src/main/java/com/cover/app/core/theme/Theme.kt:71:17 Unresolved reference: Color
e: file:///Users/builder/clone/app/src/main/java/com/cover/app/core/theme/Theme.kt:72:17 Unresolved reference: Color
e: file:///Users/builder/clone/app/src/main/java/com/cover/app/core/theme/Theme.kt:73:19 Unresolved reference: Color
e: file:///Users/builder/clone/app/src/main/java/com/cover/app/core/theme/Theme.kt:76:18 Unresolved reference: Color
e: file:///Users/builder/clone/app/src/main/java/com/cover/app/core/theme/Theme.kt:77:20 Unresolved reference: Color
e: file:///Users/builder/clone/app/src/main/java/com/cover/app/core/theme/Theme.kt:78:15 Unresolved reference: Color
e: file:///Users/builder/clone/app/src/main/java/com/cover/app/core/theme/Theme.kt:79:17 Unresolved reference: Color
e: file:///Users/builder/clone/app/src/main/java/com/cover/app/core/theme/Theme.kt:81:15 Unresolved reference: Color
e: file:///Users/builder/clone/app/src/main/java/com/cover/app/data/security/EncryptionManager.kt:7:33 Unresolved reference: MasterKey
e: file:///Users/builder/clone/app/src/main/java/com/cover/app/data/security/EncryptionManager.kt:33:30 Property delegate must have a 'getValue(EncryptionManager, KProperty<*>)' method. None of the following functions is suitable: 
public inline operator fun <T> Lazy.getValue(thisRef: Any?, property: KProperty<*>): ??? defined in kotlin
e: file:///Users/builder/clone/app/src/main/java/com/cover/app/data/security/EncryptionManager.kt:39:41 Unresolved reference: MasterKey
e: file:///Users/builder/clone/app/src/main/java/com/cover/app/data/security/EncryptionManager.kt:40:16 Unresolved reference: MasterKey
e: file:///Users/builder/clone/app/src/main/java/com/cover/app/data/security/EncryptionManager.kt:60:13 Type mismatch: inferred type is Context but String was expected
e: file:///Users/builder/clone/app/src/main/java/com/cover/app/data/security/EncryptionManager.kt:251:17 Unresolved reference: MasterKey
e: file:///Users/builder/clone/app/src/main/java/com/cover/app/presentation/calculator/CalculatorScreen.kt:408:52 This is an experimental animation API.
e: file:///Users/builder/clone/app/src/main/java/com/cover/app/presentation/components/BottomNavBar.kt:101:34 Type 'State<Float>' has no method 'getValue(Nothing?, KProperty<*>)' and thus it cannot serve as a delegate
e: file:///Users/builder/clone/app/src/main/java/com/cover/app/presentation/components/BottomNavBar.kt:118:30 Unresolved reference: clickable
e: file:///Users/builder/clone/app/src/main/java/com/cover/app/presentation/components/BottomNavBar.kt:144:50 Unresolved reference: FontWeight
e: file:///Users/builder/clone/app/src/main/java/com/cover/app/presentation/components/EmptyStates.kt:374:23 Unresolved reference: GoldPremium
e: file:///Users/builder/clone/app/src/main/java/com/cover/app/presentation/gallery/GalleryScreen.kt:147:25 Unresolved reference: NeumorphicIconButton
e: file:///Users/builder/clone/app/src/main/java/com/cover/app/presentation/gallery/GalleryScreen.kt:163:21 Unresolved reference: NeumorphicIconButton
e: file:///Users/builder/clone/app/src/main/java/com/cover/app/presentation/gallery/GalleryScreen.kt:343:14 Unresolved reference: scale
e: file:///Users/builder/clone/app/src/main/java/com/cover/app/presentation/gallery/GalleryScreen.kt:349:21 Unresolved reference: drawRect
e: file:///Users/builder/clone/app/src/main/java/com/cover/app/presentation/gallery/GalleryScreen.kt:351:32 Unresolved reference: size
e: file:///Users/builder/clone/app/src/main/java/com/cover/app/presentation/gallery/GalleryScreen.kt:452:57 Unresolved reference: Check
e: file:///Users/builder/clone/app/src/main/java/com/cover/app/presentation/intruder/IntruderLogsScreen.kt:73:25 Unresolved reference: NeumorphicIconButton
e: file:///Users/builder/clone/app/src/main/java/com/cover/app/presentation/intruder/IntruderLogsScreen.kt:374:30 Unresolved reference: rememberInfiniteTransition
e: file:///Users/builder/clone/app/src/main/java/com/cover/app/presentation/intruder/IntruderLogsScreen.kt:378:25 Unresolved reference: infiniteRepeatable
e: file:///Users/builder/clone/app/src/main/java/com/cover/app/presentation/intruder/IntruderLogsScreen.kt:379:25 Unresolved reference: tween
e: file:///Users/builder/clone/app/src/main/java/com/cover/app/presentation/intruder/IntruderLogsScreen.kt:379:46 Unresolved reference: EaseInOutSine
e: file:///Users/builder/clone/app/src/main/java/com/cover/app/presentation/intruder/IntruderLogsScreen.kt:380:26 Unresolved reference: RepeatMode
e: file:///Users/builder/clone/app/src/main/java/com/cover/app/presentation/onboarding/OnboardingScreen.kt:232:22 Unresolved reference: graphicsLayer
e: file:///Users/builder/clone/app/src/main/java/com/cover/app/presentation/onboarding/OnboardingScreen.kt:233:25 Unresolved reference: scaleX
e: file:///Users/builder/clone/app/src/main/java/com/cover/app/presentation/onboarding/OnboardingScreen.kt:234:25 Unresolved reference: scaleY
e: file:///Users/builder/clone/app/src/main/java/com/cover/app/presentation/premium/PremiumScreen.kt:394:40 Unresolved reference: MutableInteractionSource
e: file:///Users/builder/clone/app/src/main/java/com/cover/app/presentation/premium/PremiumScreen.kt:395:40 Unresolved reference: collectIsPressedAsState
e: file:///Users/builder/clone/app/src/main/java/com/cover/app/presentation/premium/PremiumScreen.kt:415:14 Unresolved reference. None of the following candidates is applicable because of receiver type mismatch: 
public fun Canvas.scale(sx: Float, sy: Float = ..., pivotX: Float, pivotY: Float): Unit defined in androidx.compose.ui.graphics
e: file:///Users/builder/clone/app/src/main/java/com/cover/app/presentation/premium/PremiumScreen.kt:435:21 Unresolved reference: drawRect
e: file:///Users/builder/clone/app/src/main/java/com/cover/app/presentation/premium/PremiumScreen.kt:442:42 Unresolved reference: size
e: file:///Users/builder/clone/app/src/main/java/com/cover/app/presentation/premium/PremiumScreen.kt:442:54 Unresolved reference: size
e: file:///Users/builder/clone/app/src/main/java/com/cover/app/presentation/premium/PremiumScreen.kt:444:32 Unresolved reference: size
e: file:///Users/builder/clone/app/src/main/java/com/cover/app/presentation/premium/PremiumScreen.kt:590:18 Unresolved reference: clickable
e: file:///Users/builder/clone/app/src/main/java/com/cover/app/presentation/premium/PremiumScreen.kt:591:52 Unresolved reference: MutableInteractionSource
e: file:///Users/builder/clone/app/src/main/java/com/cover/app/presentation/settings/SettingsScreen.kt:61:25 Unresolved reference: NeumorphicIconButton
e: file:///Users/builder/clone/app/src/main/java/com/cover/app/presentation/settings/SettingsScreen.kt:205:40 Unresolved reference: MutableInteractionSource
e: file:///Users/builder/clone/app/src/main/java/com/cover/app/presentation/settings/SettingsScreen.kt:206:40 Unresolved reference: collectIsPressedAsState
e: file:///Users/builder/clone/app/src/main/java/com/cover/app/presentation/settings/SettingsScreen.kt:216:14 Unresolved reference: scale
e: file:///Users/builder/clone/app/src/main/java/com/cover/app/presentation/settings/SettingsScreen.kt:224:21 Unresolved reference: drawRect
e: file:///Users/builder/clone/app/src/main/java/com/cover/app/presentation/vault/VaultScreen.kt:538:38 Not enough information to infer type variable R
e: file:///Users/builder/clone/app/src/main/java/com/cover/app/presentation/vault/VaultScreen.kt:538:43 Unresolved reference: LocalDensity
e: file:///Users/builder/clone/app/src/main/java/com/cover/app/presentation/vault/VaultScreen.kt:538:99 Unresolved reference: toDp
e: file:///Users/builder/clone/app/src/main/java/com/cover/app/presentation/vault/VaultScreen.kt:587:48 Unresolved reference: MutableInteractionSource
e: file:///Users/builder/clone/app/src/main/java/com/cover/app/presentation/vault/VaultScreen.kt:588:48 Unresolved reference: collectIsPressedAsState
e: file:///Users/builder/clone/app/src/main/java/com/cover/app/presentation/vault/VaultScreen.kt:596:17 Cannot find a parameter with this name: onClick
e: file:///Users/builder/clone/app/src/main/java/com/cover/app/presentation/vault/VaultScreen.kt:599:37 Unresolved reference: scale
e: file:///Users/builder/clone/app/src/main/java/com/cover/app/presentation/vault/VaultScreen.kt:600:17 Cannot find a parameter with this name: interactionSource
e: file:///Users/builder/clone/app/src/main/java/com/cover/app/presentation/vault/VaultScreen.kt:668:40 Unresolved reference: MutableInteractionSource
e: file:///Users/builder/clone/app/src/main/java/com/cover/app/presentation/vault/VaultScreen.kt:669:40 Unresolved reference: collectIsPressedAsState
e: file:///Users/builder/clone/app/src/main/java/com/cover/app/presentation/vault/VaultScreen.kt:680:14 Unresolved reference: scale
e: file:///Users/builder/clone/app/src/main/java/com/cover/app/presentation/vault/VaultScreen.kt:686:21 Unresolved reference: drawRect
e: file:///Users/builder/clone/app/src/main/java/com/cover/app/presentation/vault/VaultScreen.kt:688:32 Unresolved reference: size
e: file:///Users/builder/clone/app/src/main/java/com/cover/app/presentation/vault/VaultScreen.kt:835:40 Unresolved reference: MutableInteractionSource
e: file:///Users/builder/clone/app/src/main/java/com/cover/app/presentation/vault/VaultScreen.kt:836:40 Unresolved reference: collectIsPressedAsState
e: file:///Users/builder/clone/app/src/main/java/com/cover/app/presentation/vault/VaultScreen.kt:845:14 Unresolved reference: scale
e: file:///Users/builder/clone/app/src/main/java/com/cover/app/presentation/vault/VaultScreen.kt:851:21 Unresolved reference: drawRect
e: file:///Users/builder/clone/app/src/main/java/com/cover/app/presentation/vault/VaultScreen.kt:853:32 Unresolved reference: size
e: file:///Users/builder/clone/app/src/main/java/com/cover/app/presentation/vault/VaultViewModel.kt:92:35 Unresolved reference. None of the following candidates is applicable because of receiver type mismatch: 
public fun Array<out Byte>.toByteArray(): ByteArray defined in kotlin.collections
public inline fun String.toByteArray(charset: Charset = ...): ByteArray defined in kotlin.text
public inline fun UByteArray.toByteArray(): ByteArray defined in kotlin.collections
public fun Collection<Byte>.toByteArray(): ByteArray defined in kotlin.collections
e: file:///Users/builder/clone/app/src/main/java/com/cover/app/presentation/vault/VaultViewModel.kt:140:35 Unresolved reference. None of the following candidates is applicable because of receiver type mismatch: 
public fun Array<out Byte>.toByteArray(): ByteArray defined in kotlin.collections
public inline fun String.toByteArray(charset: Charset = ...): ByteArray defined in kotlin.text
public inline fun UByteArray.toByteArray(): ByteArray defined in kotlin.collections
public fun Collection<Byte>.toByteArray(): ByteArray defined in kotlin.collections

> Task :app:compileDebugKotlin FAILED

FAILURE: Build failed with an exception.

* What went wrong:
Execution failed for task ':app:compileDebugKotlin'.
> A failure occurred while executing org.jetbrains.kotlin.compilerRunner.GradleCompilerRunnerWithWorkers$GradleKotlinCompilerWorkAction
   > Compilation error. See log for more details

* Try:
> Run with --info or --debug option to get more log output.
> Run with --scan to get full insights.
> Get more help at https://help.gradle.org.

* Exception is:
org.gradle.api.tasks.TaskExecutionException: Execution failed for task ':app:compileDebugKotlin'.
	at org.gradle.api.internal.tasks.execution.ExecuteActionsTaskExecuter.lambda$executeIfValid$1(ExecuteActionsTaskExecuter.java:130)
	at org.gradle.internal.Try$Failure.ifSuccessfulOrElse(Try.java:293)
	at org.gradle.api.internal.tasks.execution.ExecuteActionsTaskExecuter.executeIfValid(ExecuteActionsTaskExecuter.java:128)
	at org.gradle.api.internal.tasks.execution.ExecuteActionsTaskExecuter.execute(ExecuteActionsTaskExecuter.java:116)
	at org.gradle.api.internal.tasks.execution.FinalizePropertiesTaskExecuter.execute(FinalizePropertiesTaskExecuter.java:46)
	at org.gradle.api.internal.tasks.execution.ResolveTaskExecutionModeExecuter.execute(ResolveTaskExecutionModeExecuter.java:51)
	at org.gradle.api.internal.tasks.execution.SkipTaskWithNoActionsExecuter.execute(SkipTaskWithNoActionsExecuter.java:57)
	at org.gradle.api.internal.tasks.execution.SkipOnlyIfTaskExecuter.execute(SkipOnlyIfTaskExecuter.java:74)
	at org.gradle.api.internal.tasks.execution.CatchExceptionTaskExecuter.execute(CatchExceptionTaskExecuter.java:36)
	at org.gradle.api.internal.tasks.execution.EventFiringTaskExecuter$1.executeTask(EventFiringTaskExecuter.java:77)
	at org.gradle.api.internal.tasks.execution.EventFiringTaskExecuter$1.call(EventFiringTaskExecuter.java:55)
	at org.gradle.api.internal.tasks.execution.EventFiringTaskExecuter$1.call(EventFiringTaskExecuter.java:52)
	at org.gradle.internal.operations.DefaultBuildOperationRunner$CallableBuildOperationWorker.execute(DefaultBuildOperationRunner.java:209)
	at org.gradle.internal.operations.DefaultBuildOperationRunner$CallableBuildOperationWorker.execute(DefaultBuildOperationRunner.java:204)
	at org.gradle.internal.operations.DefaultBuildOperationRunner$2.execute(DefaultBuildOperationRunner.java:66)
	at org.gradle.internal.operations.DefaultBuildOperationRunner$2.execute(DefaultBuildOperationRunner.java:59)
	at org.gradle.internal.operations.DefaultBuildOperationRunner.execute(DefaultBuildOperationRunner.java:166)
	at org.gradle.internal.operations.DefaultBuildOperationRunner.execute(DefaultBuildOperationRunner.java:59)
	at org.gradle.internal.operations.DefaultBuildOperationRunner.call(DefaultBuildOperationRunner.java:53)
	at org.gradle.api.internal.tasks.execution.EventFiringTaskExecuter.execute(EventFiringTaskExecuter.java:52)
	at org.gradle.execution.plan.LocalTaskNodeExecutor.execute(LocalTaskNodeExecutor.java:42)
	at org.gradle.execution.taskgraph.DefaultTaskExecutionGraph$InvokeNodeExecutorsAction.execute(DefaultTaskExecutionGraph.java:331)
	at org.gradle.execution.taskgraph.DefaultTaskExecutionGraph$InvokeNodeExecutorsAction.execute(DefaultTaskExecutionGraph.java:318)
	at org.gradle.execution.taskgraph.DefaultTaskExecutionGraph$BuildOperationAwareExecutionAction.lambda$execute$0(DefaultTaskExecutionGraph.java:314)
	at org.gradle.internal.operations.CurrentBuildOperationRef.with(CurrentBuildOperationRef.java:85)
	at org.gradle.execution.taskgraph.DefaultTaskExecutionGraph$BuildOperationAwareExecutionAction.execute(DefaultTaskExecutionGraph.java:314)
	at org.gradle.execution.taskgraph.DefaultTaskExecutionGraph$BuildOperationAwareExecutionAction.execute(DefaultTaskExecutionGraph.java:303)
	at org.gradle.execution.plan.DefaultPlanExecutor$ExecutorWorker.execute(DefaultPlanExecutor.java:459)
	at org.gradle.execution.plan.DefaultPlanExecutor$ExecutorWorker.run(DefaultPlanExecutor.java:376)
	at org.gradle.internal.concurrent.ExecutorPolicy$CatchAndRecordFailures.onExecute(ExecutorPolicy.java:64)
	at org.gradle.internal.concurrent.AbstractManagedExecutor$1.run(AbstractManagedExecutor.java:48)
Caused by: org.gradle.workers.internal.DefaultWorkerExecutor$WorkExecutionException: A failure occurred while executing org.jetbrains.kotlin.compilerRunner.GradleCompilerRunnerWithWorkers$GradleKotlinCompilerWorkAction
	at org.gradle.workers.internal.DefaultWorkerExecutor$WorkItemExecution.waitForCompletion(DefaultWorkerExecutor.java:287)
	at org.gradle.internal.work.DefaultAsyncWorkTracker.lambda$waitForItemsAndGatherFailures$2(DefaultAsyncWorkTracker.java:130)
	at org.gradle.internal.Factories$1.create(Factories.java:31)
	at org.gradle.internal.work.DefaultWorkerLeaseService.withoutLocks(DefaultWorkerLeaseService.java:339)
	at org.gradle.internal.work.DefaultWorkerLeaseService.withoutLocks(DefaultWorkerLeaseService.java:322)
	at org.gradle.internal.work.DefaultWorkerLeaseService.withoutLock(DefaultWorkerLeaseService.java:327)
	at org.gradle.internal.work.DefaultAsyncWorkTracker.waitForItemsAndGatherFailures(DefaultAsyncWorkTracker.java:126)
	at org.gradle.internal.work.DefaultAsyncWorkTracker.waitForItemsAndGatherFailures(DefaultAsyncWorkTracker.java:92)
	at org.gradle.internal.work.DefaultAsyncWorkTracker.waitForAll(DefaultAsyncWorkTracker.java:78)
	at org.gradle.internal.work.DefaultAsyncWorkTracker.waitForCompletion(DefaultAsyncWorkTracker.java:66)
	at org.gradle.api.internal.tasks.execution.TaskExecution$3.run(TaskExecution.java:252)
	at org.gradle.internal.operations.DefaultBuildOperationRunner$1.execute(DefaultBuildOperationRunner.java:29)
	at org.gradle.internal.operations.DefaultBuildOperationRunner$1.execute(DefaultBuildOperationRunner.java:26)
	at org.gradle.internal.operations.DefaultBuildOperationRunner$2.execute(DefaultBuildOperationRunner.java:66)
	at org.gradle.internal.operations.DefaultBuildOperationRunner$2.execute(DefaultBuildOperationRunner.java:59)
	at org.gradle.internal.operations.DefaultBuildOperationRunner.execute(DefaultBuildOperationRunner.java:166)
	at org.gradle.internal.operations.DefaultBuildOperationRunner.execute(DefaultBuildOperationRunner.java:59)
	at org.gradle.internal.operations.DefaultBuildOperationRunner.run(DefaultBuildOperationRunner.java:47)
	at org.gradle.api.internal.tasks.execution.TaskExecution.executeAction(TaskExecution.java:229)
	at org.gradle.api.internal.tasks.execution.TaskExecution.executeActions(TaskExecution.java:212)
	at org.gradle.api.internal.tasks.execution.TaskExecution.executeWithPreviousOutputFiles(TaskExecution.java:195)
	at org.gradle.api.internal.tasks.execution.TaskExecution.execute(TaskExecution.java:162)
	at org.gradle.internal.execution.steps.ExecuteStep.executeInternal(ExecuteStep.java:105)
	at org.gradle.internal.execution.steps.ExecuteStep.access$000(ExecuteStep.java:44)
	at org.gradle.internal.execution.steps.ExecuteStep$1.call(ExecuteStep.java:59)
	at org.gradle.internal.execution.steps.ExecuteStep$1.call(ExecuteStep.java:56)
	at org.gradle.internal.operations.DefaultBuildOperationRunner$CallableBuildOperationWorker.execute(DefaultBuildOperationRunner.java:209)
	at org.gradle.internal.operations.DefaultBuildOperationRunner$CallableBuildOperationWorker.execute(DefaultBuildOperationRunner.java:204)
	at org.gradle.internal.operations.DefaultBuildOperationRunner$2.execute(DefaultBuildOperationRunner.java:66)
	at org.gradle.internal.operations.DefaultBuildOperationRunner$2.execute(DefaultBuildOperationRunner.java:59)
	at org.gradle.internal.operations.DefaultBuildOperationRunner.execute(DefaultBuildOperationRunner.java:166)
	at org.gradle.internal.operations.DefaultBuildOperationRunner.execute(DefaultBuildOperationRunner.java:59)
	at org.gradle.internal.operations.DefaultBuildOperationRunner.call(DefaultBuildOperationRunner.java:53)
	at org.gradle.internal.execution.steps.ExecuteStep.execute(ExecuteStep.java:56)
	at org.gradle.internal.execution.steps.ExecuteStep.execute(ExecuteStep.java:44)
	at org.gradle.internal.execution.steps.CancelExecutionStep.execute(CancelExecutionStep.java:42)
	at org.gradle.internal.execution.steps.TimeoutStep.executeWithoutTimeout(TimeoutStep.java:75)
	at org.gradle.internal.execution.steps.TimeoutStep.execute(TimeoutStep.java:55)
	at org.gradle.internal.execution.steps.PreCreateOutputParentsStep.execute(PreCreateOutputParentsStep.java:50)
	at org.gradle.internal.execution.steps.PreCreateOutputParentsStep.execute(PreCreateOutputParentsStep.java:28)
	at org.gradle.internal.execution.steps.RemovePreviousOutputsStep.execute(RemovePreviousOutputsStep.java:67)
	at org.gradle.internal.execution.steps.RemovePreviousOutputsStep.execute(RemovePreviousOutputsStep.java:37)
	at org.gradle.internal.execution.steps.BroadcastChangingOutputsStep.execute(BroadcastChangingOutputsStep.java:61)
	at org.gradle.internal.execution.steps.BroadcastChangingOutputsStep.execute(BroadcastChangingOutputsStep.java:26)
	at org.gradle.internal.execution.steps.CaptureOutputsAfterExecutionStep.execute(CaptureOutputsAfterExecutionStep.java:69)
	at org.gradle.internal.execution.steps.CaptureOutputsAfterExecutionStep.execute(CaptureOutputsAfterExecutionStep.java:46)
	at org.gradle.internal.execution.steps.ResolveInputChangesStep.execute(ResolveInputChangesStep.java:40)
	at org.gradle.internal.execution.steps.ResolveInputChangesStep.execute(ResolveInputChangesStep.java:29)
	at org.gradle.internal.execution.steps.BuildCacheStep.executeWithoutCache(BuildCacheStep.java:189)
	at org.gradle.internal.execution.steps.BuildCacheStep.lambda$execute$1(BuildCacheStep.java:75)
	at org.gradle.internal.Either$Right.fold(Either.java:175)
	at org.gradle.internal.execution.caching.CachingState.fold(CachingState.java:62)
	at org.gradle.internal.execution.steps.BuildCacheStep.execute(BuildCacheStep.java:73)
	at org.gradle.internal.execution.steps.BuildCacheStep.execute(BuildCacheStep.java:48)
	at org.gradle.internal.execution.steps.StoreExecutionStateStep.execute(StoreExecutionStateStep.java:46)
	at org.gradle.internal.execution.steps.StoreExecutionStateStep.execute(StoreExecutionStateStep.java:35)
	at org.gradle.internal.execution.steps.SkipUpToDateStep.executeBecause(SkipUpToDateStep.java:75)
	at org.gradle.internal.execution.steps.SkipUpToDateStep.lambda$execute$2(SkipUpToDateStep.java:53)
	at org.gradle.internal.execution.steps.SkipUpToDateStep.execute(SkipUpToDateStep.java:53)
	at org.gradle.internal.execution.steps.SkipUpToDateStep.execute(SkipUpToDateStep.java:35)
	at org.gradle.internal.execution.steps.legacy.MarkSnapshottingInputsFinishedStep.execute(MarkSnapshottingInputsFinishedStep.java:37)
	at org.gradle.internal.execution.steps.legacy.MarkSnapshottingInputsFinishedStep.execute(MarkSnapshottingInputsFinishedStep.java:27)
	at org.gradle.internal.execution.steps.ResolveIncrementalCachingStateStep.executeDelegate(ResolveIncrementalCachingStateStep.java:49)
	at org.gradle.internal.execution.steps.ResolveIncrementalCachingStateStep.executeDelegate(ResolveIncrementalCachingStateStep.java:27)
	at org.gradle.internal.execution.steps.AbstractResolveCachingStateStep.execute(AbstractResolveCachingStateStep.java:71)
	at org.gradle.internal.execution.steps.AbstractResolveCachingStateStep.execute(AbstractResolveCachingStateStep.java:39)
	at org.gradle.internal.execution.steps.ResolveChangesStep.execute(ResolveChangesStep.java:65)
	at org.gradle.internal.execution.steps.ResolveChangesStep.execute(ResolveChangesStep.java:36)
	at org.gradle.internal.execution.steps.ValidateStep.execute(ValidateStep.java:105)
	at org.gradle.internal.execution.steps.ValidateStep.execute(ValidateStep.java:54)
	at org.gradle.internal.execution.steps.AbstractCaptureStateBeforeExecutionStep.execute(AbstractCaptureStateBeforeExecutionStep.java:64)
	at org.gradle.internal.execution.steps.AbstractCaptureStateBeforeExecutionStep.execute(AbstractCaptureStateBeforeExecutionStep.java:43)
	at org.gradle.internal.execution.steps.AbstractSkipEmptyWorkStep.executeWithNonEmptySources(AbstractSkipEmptyWorkStep.java:125)
	at org.gradle.internal.execution.steps.AbstractSkipEmptyWorkStep.execute(AbstractSkipEmptyWorkStep.java:61)
	at org.gradle.internal.execution.steps.AbstractSkipEmptyWorkStep.execute(AbstractSkipEmptyWorkStep.java:36)
	at org.gradle.internal.execution.steps.legacy.MarkSnapshottingInputsStartedStep.execute(MarkSnapshottingInputsStartedStep.java:38)
	at org.gradle.internal.execution.steps.LoadPreviousExecutionStateStep.execute(LoadPreviousExecutionStateStep.java:36)
	at org.gradle.internal.execution.steps.LoadPreviousExecutionStateStep.execute(LoadPreviousExecutionStateStep.java:23)
	at org.gradle.internal.execution.steps.HandleStaleOutputsStep.execute(HandleStaleOutputsStep.java:75)
	at org.gradle.internal.execution.steps.HandleStaleOutputsStep.execute(HandleStaleOutputsStep.java:41)
	at org.gradle.internal.execution.steps.AssignMutableWorkspaceStep.lambda$execute$0(AssignMutableWorkspaceStep.java:35)
	at org.gradle.api.internal.tasks.execution.TaskExecution$4.withWorkspace(TaskExecution.java:289)
	at org.gradle.internal.execution.steps.AssignMutableWorkspaceStep.execute(AssignMutableWorkspaceStep.java:31)
	at org.gradle.internal.execution.steps.AssignMutableWorkspaceStep.execute(AssignMutableWorkspaceStep.java:22)
	at org.gradle.internal.execution.steps.ChoosePipelineStep.execute(ChoosePipelineStep.java:40)
	at org.gradle.internal.execution.steps.ChoosePipelineStep.execute(ChoosePipelineStep.java:23)
	at org.gradle.internal.execution.steps.ExecuteWorkBuildOperationFiringStep.lambda$execute$2(ExecuteWorkBuildOperationFiringStep.java:67)
	at org.gradle.internal.execution.steps.ExecuteWorkBuildOperationFiringStep.execute(ExecuteWorkBuildOperationFiringStep.java:67)
	at org.gradle.internal.execution.steps.ExecuteWorkBuildOperationFiringStep.execute(ExecuteWorkBuildOperationFiringStep.java:39)
	at org.gradle.internal.execution.steps.IdentityCacheStep.execute(IdentityCacheStep.java:46)
	at org.gradle.internal.execution.steps.IdentityCacheStep.execute(IdentityCacheStep.java:34)
	at org.gradle.internal.execution.steps.IdentifyStep.execute(IdentifyStep.java:48)
	at org.gradle.internal.execution.steps.IdentifyStep.execute(IdentifyStep.java:35)
	at org.gradle.internal.execution.impl.DefaultExecutionEngine$1.execute(DefaultExecutionEngine.java:61)
	at org.gradle.api.internal.tasks.execution.ExecuteActionsTaskExecuter.executeIfValid(ExecuteActionsTaskExecuter.java:127)
	at org.gradle.api.internal.tasks.execution.ExecuteActionsTaskExecuter.execute(ExecuteActionsTaskExecuter.java:116)
	at org.gradle.api.internal.tasks.execution.FinalizePropertiesTaskExecuter.execute(FinalizePropertiesTaskExecuter.java:46)
	at org.gradle.api.internal.tasks.execution.ResolveTaskExecutionModeExecuter.execute(ResolveTaskExecutionModeExecuter.java:51)
	at org.gradle.api.internal.tasks.execution.SkipTaskWithNoActionsExecuter.execute(SkipTaskWithNoActionsExecuter.java:57)
	at org.gradle.api.internal.tasks.execution.SkipOnlyIfTaskExecuter.execute(SkipOnlyIfTaskExecuter.java:74)
	at org.gradle.api.internal.tasks.execution.CatchExceptionTaskExecuter.execute(CatchExceptionTaskExecuter.java:36)
	at org.gradle.api.internal.tasks.execution.EventFiringTaskExecuter$1.executeTask(EventFiringTaskExecuter.java:77)
	at org.gradle.api.internal.tasks.execution.EventFiringTaskExecuter$1.call(EventFiringTaskExecuter.java:55)
	at org.gradle.api.internal.tasks.execution.EventFiringTaskExecuter$1.call(EventFiringTaskExecuter.java:52)
	at org.gradle.internal.operations.DefaultBuildOperationRunner$CallableBuildOperationWorker.execute(DefaultBuildOperationRunner.java:209)
	at org.gradle.internal.operations.DefaultBuildOperationRunner$CallableBuildOperationWorker.execute(DefaultBuildOperationRunner.java:204)
	at org.gradle.internal.operations.DefaultBuildOperationRunner$2.execute(DefaultBuildOperationRunner.java:66)
	at org.gradle.internal.operations.DefaultBuildOperationRunner$2.execute(DefaultBuildOperationRunner.java:59)
	at org.gradle.internal.operations.DefaultBuildOperationRunner.execute(DefaultBuildOperationRunner.java:166)
	at org.gradle.internal.operations.DefaultBuildOperationRunner.execute(DefaultBuildOperationRunner.java:59)
	at org.gradle.internal.operations.DefaultBuildOperationRunner.call(DefaultBuildOperationRunner.java:53)
	at org.gradle.api.internal.tasks.execution.EventFiringTaskExecuter.execute(EventFiringTaskExecuter.java:52)
	at org.gradle.execution.plan.LocalTaskNodeExecutor.execute(LocalTaskNodeExecutor.java:42)
	at org.gradle.execution.taskgraph.DefaultTaskExecutionGraph$InvokeNodeExecutorsAction.execute(DefaultTaskExecutionGraph.java:331)
	at org.gradle.execution.taskgraph.DefaultTaskExecutionGraph$InvokeNodeExecutorsAction.execute(DefaultTaskExecutionGraph.java:318)
	at org.gradle.execution.taskgraph.DefaultTaskExecutionGraph$BuildOperationAwareExecutionAction.lambda$execute$0(DefaultTaskExecutionGraph.java:314)
	at org.gradle.internal.operations.CurrentBuildOperationRef.with(CurrentBuildOperationRef.java:85)
	at org.gradle.execution.taskgraph.DefaultTaskExecutionGraph$BuildOperationAwareExecutionAction.execute(DefaultTaskExecutionGraph.java:314)
	at org.gradle.execution.taskgraph.DefaultTaskExecutionGraph$BuildOperationAwareExecutionAction.execute(DefaultTaskExecutionGraph.java:303)
	at org.gradle.execution.plan.DefaultPlanExecutor$ExecutorWorker.execute(DefaultPlanExecutor.java:459)
	at org.gradle.execution.plan.DefaultPlanExecutor$ExecutorWorker.run(DefaultPlanExecutor.java:376)
	at org.gradle.internal.concurrent.ExecutorPolicy$CatchAndRecordFailures.onExecute(ExecutorPolicy.java:64)
	at org.gradle.internal.concurrent.AbstractManagedExecutor$1.run(AbstractManagedExecutor.java:48)
Caused by: org.jetbrains.kotlin.gradle.tasks.CompilationErrorException: Compilation error. See log for more details
	at org.jetbrains.kotlin.gradle.tasks.TasksUtilsKt.throwExceptionIfCompilationFailed(tasksUtils.kt:20)
	at org.jetbrains.kotlin.compilerRunner.GradleKotlinCompilerWork.run(GradleKotlinCompilerWork.kt:141)
	at org.jetbrains.kotlin.compilerRunner.GradleCompilerRunnerWithWorkers$GradleKotlinCompilerWorkAction.execute(GradleCompilerRunnerWithWorkers.kt:73)
	at org.gradle.workers.internal.DefaultWorkerServer.execute(DefaultWorkerServer.java:63)
	at org.gradle.workers.internal.NoIsolationWorkerFactory$1$1.create(NoIsolationWorkerFactory.java:66)
	at org.gradle.workers.internal.NoIsolationWorkerFactory$1$1.create(NoIsolationWorkerFactory.java:62)
	at org.gradle.internal.classloader.ClassLoaderUtils.executeInClassloader(ClassLoaderUtils.java:100)
	at org.gradle.workers.internal.NoIsolationWorkerFactory$1.lambda$execute$0(NoIsolationWorkerFactory.java:62)
	at org.gradle.workers.internal.AbstractWorker$1.call(AbstractWorker.java:44)
	at org.gradle.workers.internal.AbstractWorker$1.call(AbstractWorker.java:41)
	at org.gradle.internal.operations.DefaultBuildOperationRunner$CallableBuildOperationWorker.execute(DefaultBuildOperationRunner.java:209)
	at org.gradle.internal.operations.DefaultBuildOperationRunner$CallableBuildOperationWorker.execute(DefaultBuildOperationRunner.java:204)
	at org.gradle.internal.operations.DefaultBuildOperationRunner$2.execute(DefaultBuildOperationRunner.java:66)
	at org.gradle.internal.operations.DefaultBuildOperationRunner$2.execute(DefaultBuildOperationRunner.java:59)
	at org.gradle.internal.operations.DefaultBuildOperationRunner.execute(DefaultBuildOperationRunner.java:166)
	at org.gradle.internal.operations.DefaultBuildOperationRunner.execute(DefaultBuildOperationRunner.java:59)
	at org.gradle.internal.operations.DefaultBuildOperationRunner.call(DefaultBuildOperationRunner.java:53)
	at org.gradle.workers.internal.AbstractWorker.executeWrappedInBuildOperation(AbstractWorker.java:41)
	at org.gradle.workers.internal.NoIsolationWorkerFactory$1.execute(NoIsolationWorkerFactory.java:59)
	at org.gradle.workers.internal.DefaultWorkerExecutor.lambda$submitWork$0(DefaultWorkerExecutor.java:174)
	at org.gradle.internal.work.DefaultConditionalExecutionQueue$ExecutionRunner.runExecution(DefaultConditionalExecutionQueue.java:195)
	at org.gradle.internal.work.DefaultConditionalExecutionQueue$ExecutionRunner.access$700(DefaultConditionalExecutionQueue.java:128)
	at org.gradle.internal.work.DefaultConditionalExecutionQueue$ExecutionRunner$1.run(DefaultConditionalExecutionQueue.java:170)
	at org.gradle.internal.Factories$1.create(Factories.java:31)
	at org.gradle.internal.work.DefaultWorkerLeaseService.withLocks(DefaultWorkerLeaseService.java:267)
	at org.gradle.internal.work.DefaultWorkerLeaseService.runAsWorkerThread(DefaultWorkerLeaseService.java:131)
	at org.gradle.internal.work.DefaultWorkerLeaseService.runAsWorkerThread(DefaultWorkerLeaseService.java:136)
	at org.gradle.internal.work.DefaultConditionalExecutionQueue$ExecutionRunner.runBatch(DefaultConditionalExecutionQueue.java:165)
	at org.gradle.internal.work.DefaultConditionalExecutionQueue$ExecutionRunner.run(DefaultConditionalExecutionQueue.java:134)
	... 2 more


BUILD FAILED in 2m 31s
33 actionable tasks: 32 executed, 1 up-to-date
Configuration cache entry stored.


Build failed :|
Step 7 script `Clean Build Debug APK` exited with status code 1
